::1 - - [07/Oct/2022:13:31:01 +0000] "GET /users HTTP/1.1" 200 183 "-" "PostmanRuntime/7.29.2"
::1 - - [07/Oct/2022:13:31:45 +0000] "GET /users HTTP/1.1" 200 183 "-" "PostmanRuntime/7.29.2"
::1 - - [07/Oct/2022:13:34:22 +0000] "GET /users/0 HTTP/1.1" 304 - "http://localhost:3000/" "Mozilla/5.0 (Windows NT 10.0; Win64; x64) AppleWebKit/537.36 (KHTML, like Gecko) Chrome/105.0.0.0 Safari/537.36"
::1 - - [07/Oct/2022:13:42:07 +0000] "GET /users HTTP/1.1" 200 183 "-" "PostmanRuntime/7.29.2"
::1 - - [09/Oct/2022:06:08:35 +0000] "GET / HTTP/1.1" 404 139 "-" "PostmanRuntime/7.29.2"
::1 - - [09/Oct/2022:06:09:08 +0000] "GET /categories/1 HTTP/1.1" 404 151 "-" "PostmanRuntime/7.29.2"
::1 - - [09/Oct/2022:06:09:51 +0000] "GET /categories/1 HTTP/1.1" 404 151 "-" "PostmanRuntime/7.29.2"
::1 - - [09/Oct/2022:06:30:55 +0000] "DELETE /categories/1 HTTP/1.1" 400 56 "-" "PostmanRuntime/7.29.2"
::1 - - [09/Oct/2022:06:30:59 +0000] "DELETE /categories/2 HTTP/1.1" 400 56 "-" "PostmanRuntime/7.29.2"
::1 - - [09/Oct/2022:06:35:46 +0000] "DELETE /categories/2 HTTP/1.1" 500 1425 "-" "PostmanRuntime/7.29.2"
::1 - - [09/Oct/2022:06:36:36 +0000] "DELETE /categories/2 HTTP/1.1" 500 1430 "-" "PostmanRuntime/7.29.2"
::1 - - [09/Oct/2022:06:37:18 +0000] "DELETE /categories/2 HTTP/1.1" 400 46 "-" "PostmanRuntime/7.29.2"
::1 - - [09/Oct/2022:06:40:53 +0000] "POST /categories/2 HTTP/1.1" 400 46 "-" "PostmanRuntime/7.29.2"
::1 - - [09/Oct/2022:06:41:45 +0000] "POST /categories/2 HTTP/1.1" 400 59 "-" "PostmanRuntime/7.29.2"
::1 - - [09/Oct/2022:06:45:47 +0000] "GET /categories/1 HTTP/1.1" 400 55 "-" "PostmanRuntime/7.29.2"
::1 - - [09/Oct/2022:06:46:03 +0000] "POST /categories HTTP/1.1" 404 150 "-" "PostmanRuntime/7.29.2"
::1 - - [09/Oct/2022:06:46:18 +0000] "POST /categories HTTP/1.1" 404 150 "-" "PostmanRuntime/7.29.2"
::1 - - [09/Oct/2022:06:46:34 +0000] "POST /categories HTTP/1.1" 404 150 "-" "PostmanRuntime/7.29.2"
::1 - - [09/Oct/2022:06:46:52 +0000] "POST /categories HTTP/1.1" 404 150 "-" "PostmanRuntime/7.29.2"
::1 - - [09/Oct/2022:06:47:02 +0000] "POST /categories HTTP/1.1" 404 150 "-" "PostmanRuntime/7.29.2"
::1 - - [09/Oct/2022:06:47:07 +0000] "POST /categories/1 HTTP/1.1" 400 59 "-" "PostmanRuntime/7.29.2"
::1 - - [09/Oct/2022:06:47:34 +0000] "POST /categories HTTP/1.1" 404 150 "-" "PostmanRuntime/7.29.2"
::1 - - [09/Oct/2022:06:47:44 +0000] "POST /categories HTTP/1.1" 404 150 "-" "PostmanRuntime/7.29.2"
::1 - - [09/Oct/2022:06:48:44 +0000] "POST /categories/ HTTP/1.1" 404 151 "-" "PostmanRuntime/7.29.2"
::1 - - [09/Oct/2022:06:48:48 +0000] "GET /categories/ HTTP/1.1" 400 41 "-" "PostmanRuntime/7.29.2"
::1 - - [09/Oct/2022:06:49:05 +0000] "GET /categories HTTP/1.1" 400 41 "-" "PostmanRuntime/7.29.2"
::1 - - [09/Oct/2022:06:49:50 +0000] "POST /categories/1 HTTP/1.1" 400 59 "-" "PostmanRuntime/7.29.2"
::1 - - [09/Oct/2022:06:52:17 +0000] "POST /categories/1 HTTP/1.1" 400 59 "-" "PostmanRuntime/7.29.2"
::1 - - [09/Oct/2022:06:53:03 +0000] "POST /categories/1 HTTP/1.1" 400 69 "-" "PostmanRuntime/7.29.2"
::1 - - [09/Oct/2022:06:54:39 +0000] "POST /categories/1 HTTP/1.1" 400 75 "-" "PostmanRuntime/7.29.2"
::1 - - [09/Oct/2022:06:54:55 +0000] "POST /categories/1 HTTP/1.1" 400 64 "-" "PostmanRuntime/7.29.2"
::1 - - [09/Oct/2022:06:55:05 +0000] "POST /categories/1 HTTP/1.1" 400 70 "-" "PostmanRuntime/7.29.2"
::1 - - [09/Oct/2022:06:55:58 +0000] "POST /categories/1 HTTP/1.1" 400 70 "-" "PostmanRuntime/7.29.2"
::1 - - [09/Oct/2022:07:07:22 +0000] "POST /categories/1 HTTP/1.1" 400 99 "-" "PostmanRuntime/7.29.2"
::1 - - [09/Oct/2022:07:09:16 +0000] "POST /categories/1 HTTP/1.1" 400 86 "-" "PostmanRuntime/7.29.2"
::1 - - [09/Oct/2022:07:09:48 +0000] "POST /categories/1 HTTP/1.1" 400 176 "-" "PostmanRuntime/7.29.2"
::1 - - [09/Oct/2022:07:20:33 +0000] "POST /categories/1 HTTP/1.1" 400 151 "-" "PostmanRuntime/7.29.2"
::1 - - [09/Oct/2022:07:20:40 +0000] "POST /categories/1 HTTP/1.1" 400 178 "-" "PostmanRuntime/7.29.2"
::1 - - [09/Oct/2022:07:21:35 +0000] "POST /categories/1 HTTP/1.1" 400 178 "-" "PostmanRuntime/7.29.2"
::1 - - [09/Oct/2022:07:23:37 +0000] "POST /categories/1 HTTP/1.1" 400 178 "-" "PostmanRuntime/7.29.2"
::1 - - [09/Oct/2022:07:26:59 +0000] "GET /categories/ HTTP/1.1" 400 140 "-" "PostmanRuntime/7.29.2"
::1 - - [09/Oct/2022:07:28:06 +0000] "GET /categories/ HTTP/1.1" 400 140 "-" "PostmanRuntime/7.29.2"
::1 - - [09/Oct/2022:07:29:46 +0000] "GET /categories/634276f8eb3a7bd112561cff HTTP/1.1" 400 78 "-" "PostmanRuntime/7.29.2"
::1 - - [09/Oct/2022:07:30:07 +0000] "GET /categories/634276f8eb3a7bd112561cff HTTP/1.1" 400 140 "-" "PostmanRuntime/7.29.2"
::1 - - [09/Oct/2022:07:40:41 +0000] "GET /categories/634276f8eb3a7bd112561cff HTTP/1.1" 400 27 "-" "PostmanRuntime/7.29.2"
::1 - - [09/Oct/2022:07:41:01 +0000] "GET /categories/634276f8eb3a7bd112561cff HTTP/1.1" 400 138 "-" "PostmanRuntime/7.29.2"
::1 - - [09/Oct/2022:12:22:24 +0000] "GET /categories/634276f8eb3a7bd112561cff HTTP/1.1" 400 138 "-" "PostmanRuntime/7.29.2"
::1 - - [09/Oct/2022:12:22:30 +0000] "GET /categories/634276f8eb3a7bd112561cf HTTP/1.1" 400 31 "-" "PostmanRuntime/7.29.2"
::1 - - [09/Oct/2022:12:23:48 +0000] "GET /categories/634276f8eb3a7bd112561cf HTTP/1.1" 400 31 "-" "PostmanRuntime/7.29.2"
::1 - - [09/Oct/2022:12:26:52 +0000] "GET /categories/634276f8eb3a7bd112561cf HTTP/1.1" 400 31 "-" "PostmanRuntime/7.29.2"
::1 - - [09/Oct/2022:12:27:19 +0000] "GET /categories/634276f8eb3a7bd112561cf HTTP/1.1" 400 31 "-" "PostmanRuntime/7.29.2"
::1 - - [09/Oct/2022:12:27:52 +0000] "GET /categories HTTP/1.1" 400 140 "-" "PostmanRuntime/7.29.2"
::1 - - [09/Oct/2022:12:28:03 +0000] "GET /categories/634276f8eb3a7bd112561cff HTTP/1.1" 400 138 "-" "PostmanRuntime/7.29.2"
::1 - - [09/Oct/2022:12:32:40 +0000] "GET /categories HTTP/1.1" 400 140 "-" "PostmanRuntime/7.29.2"
::1 - - [09/Oct/2022:12:32:56 +0000] "GET /categories/634276f8eb3a7bd112561cff HTTP/1.1" 400 138 "-" "PostmanRuntime/7.29.2"
::1 - - [09/Oct/2022:12:33:04 +0000] "GET /categories HTTP/1.1" 400 140 "-" "PostmanRuntime/7.29.2"
::1 - - [09/Oct/2022:12:33:41 +0000] "DELETE /categories/634276f8eb3a7bd112561cff HTTP/1.1" 400 138 "-" "PostmanRuntime/7.29.2"
::1 - - [09/Oct/2022:12:33:46 +0000] "GET /categories HTTP/1.1" 400 25 "-" "PostmanRuntime/7.29.2"
::1 - - [09/Oct/2022:12:33:55 +0000] "DELETE /categories/634276f8eb3a7bd112561cffk HTTP/1.1" 400 31 "-" "PostmanRuntime/7.29.2"
::1 - - [09/Oct/2022:12:35:07 +0000] "DELETE /categories/634276f8eb3a7bd112561cffk HTTP/1.1" 400 96 "-" "PostmanRuntime/7.29.2"
::1 - - [09/Oct/2022:12:42:06 +0000] "POST /categories/1 HTTP/1.1" 400 119 "-" "PostmanRuntime/7.29.2"
::1 - - [09/Oct/2022:12:42:44 +0000] "POST /categories/1 HTTP/1.1" 400 119 "-" "PostmanRuntime/7.29.2"
::1 - - [09/Oct/2022:12:43:12 +0000] "POST /categories HTTP/1.1" 404 150 "-" "PostmanRuntime/7.29.2"
::1 - - [09/Oct/2022:12:44:00 +0000] "POST /categories/ HTTP/1.1" 404 151 "-" "PostmanRuntime/7.29.2"
::1 - - [09/Oct/2022:12:44:12 +0000] "POST /categories/1 HTTP/1.1" 400 123 "-" "PostmanRuntime/7.29.2"
::1 - - [09/Oct/2022:12:44:19 +0000] "GET /categories HTTP/1.1" 400 91 "-" "PostmanRuntime/7.29.2"
::1 - - [09/Oct/2022:12:44:45 +0000] "POST /categories HTTP/1.1" 404 150 "-" "PostmanRuntime/7.29.2"
::1 - - [09/Oct/2022:12:44:51 +0000] "POST /categories/ HTTP/1.1" 404 151 "-" "PostmanRuntime/7.29.2"
::1 - - [09/Oct/2022:12:45:19 +0000] "POST /categories/ HTTP/1.1" 400 181 "-" "PostmanRuntime/7.29.2"
::1 - - [09/Oct/2022:12:45:27 +0000] "GET /categories HTTP/1.1" 400 202 "-" "PostmanRuntime/7.29.2"
::1 - - [09/Oct/2022:12:45:44 +0000] "DELETE /categories/634276f8eb3a7bd112561cffk HTTP/1.1" 400 96 "-" "PostmanRuntime/7.29.2"
::1 - - [09/Oct/2022:12:46:00 +0000] "DELETE /categories/6342c21bade653e9d9fcbd5d HTTP/1.1" 400 89 "-" "PostmanRuntime/7.29.2"
::1 - - [09/Oct/2022:12:46:07 +0000] "GET /categories HTTP/1.1" 400 135 "-" "PostmanRuntime/7.29.2"
::1 - - [09/Oct/2022:12:47:00 +0000] "PUT /categories/ HTTP/1.1" 404 150 "-" "PostmanRuntime/7.29.2"
::1 - - [09/Oct/2022:12:47:25 +0000] "PUT /categories/6342c25c0efb0c2a64863ee5 HTTP/1.1" 400 159 "-" "PostmanRuntime/7.29.2"
::1 - - [09/Oct/2022:12:47:32 +0000] "GET /categories HTTP/1.1" 400 161 "-" "PostmanRuntime/7.29.2"
::1 - - [09/Oct/2022:12:52:30 +0000] "POST /categories/ HTTP/1.1" 200 227 "-" "PostmanRuntime/7.29.2"
::1 - - [09/Oct/2022:12:53:34 +0000] "POST /categories/ HTTP/1.1" 200 221 "-" "PostmanRuntime/7.29.2"
::1 - - [09/Oct/2022:12:53:39 +0000] "GET /categories HTTP/1.1" 200 469 "-" "PostmanRuntime/7.29.2"
::1 - - [09/Oct/2022:13:06:43 +0000] "GET /categories/634276f8eb3a7bd112561cf HTTP/1.1" 500 142 "-" "PostmanRuntime/7.29.2"
::1 - - [09/Oct/2022:13:07:06 +0000] "GET /categories/634276f8eb3a7bd112561cf HTTP/1.1" 500 142 "-" "PostmanRuntime/7.29.2"
::1 - - [09/Oct/2022:13:07:18 +0000] "GET /categories/634276f8eb3a7bd112561cf HTTP/1.1" 500 142 "-" "PostmanRuntime/7.29.2"
::1 - - [09/Oct/2022:13:07:30 +0000] "GET /categories/634276f8eb3a7bd112561cf HTTP/1.1" 500 142 "-" "PostmanRuntime/7.29.2"
::1 - - [09/Oct/2022:13:26:15 +0000] "GET /categories/634276f8eb3a7bd112561cf HTTP/1.1" 500 142 "-" "PostmanRuntime/7.29.2"
::1 - - [09/Oct/2022:13:27:29 +0000] "GET /categories HTTP/1.1" 200 469 "-" "PostmanRuntime/7.29.2"
::1 - - [09/Oct/2022:13:27:41 +0000] "GET /categories/6342c44e0e17f89c6721b0f8 HTTP/1.1" 500 97 "-" "PostmanRuntime/7.29.2"
::1 - - [10/Oct/2022:07:18:41 +0000] "GET /categories/6342c44e0e17f89c6721b0f8 HTTP/1.1" 400 97 "-" "PostmanRuntime/7.29.2"
::1 - - [10/Oct/2022:07:18:49 +0000] "GET /categories HTTP/1.1" 200 469 "-" "PostmanRuntime/7.29.2"
::1 - - [10/Oct/2022:07:18:57 +0000] "GET /categories/6342c25c0efb0c2a64863ee5 HTTP/1.1" 200 159 "-" "PostmanRuntime/7.29.2"
::1 - - [10/Oct/2022:07:19:08 +0000] "POST /categories/ HTTP/1.1" 200 222 "-" "PostmanRuntime/7.29.2"
::1 - - [10/Oct/2022:07:19:15 +0000] "GET /categories HTTP/1.1" 200 621 "-" "PostmanRuntime/7.29.2"
::1 - - [10/Oct/2022:07:19:33 +0000] "DELETE /categories/6343c76c1b07ac061efacd76 HTTP/1.1" 400 174 "-" "PostmanRuntime/7.29.2"
::1 - - [10/Oct/2022:07:19:38 +0000] "GET /categories HTTP/1.1" 200 469 "-" "PostmanRuntime/7.29.2"
::1 - - [10/Oct/2022:07:25:38 +0000] "GET /categories HTTP/1.1" 404 149 "-" "PostmanRuntime/7.29.2"
::1 - - [10/Oct/2022:07:26:23 +0000] "GET /categories/6342c25c0efb0c2a64863ee5 HTTP/1.1" 404 174 "-" "PostmanRuntime/7.29.2"
::1 - - [10/Oct/2022:07:26:39 +0000] "GET /categories/6342c25c0efb0c2a64863ee5 HTTP/1.1" 404 174 "-" "PostmanRuntime/7.29.2"
::1 - - [10/Oct/2022:07:28:56 +0000] "GET /categories/6342c25c0efb0c2a64863ee5 HTTP/1.1" 404 174 "-" "PostmanRuntime/7.29.2"
::1 - - [10/Oct/2022:07:29:40 +0000] "GET /categories HTTP/1.1" 404 149 "-" "PostmanRuntime/7.29.2"
::1 - - [10/Oct/2022:07:29:56 +0000] "GET /categories HTTP/1.1" 404 149 "-" "PostmanRuntime/7.29.2"
::1 - - [10/Oct/2022:07:30:46 +0000] "GET /categories HTTP/1.1" 500 64 "-" "PostmanRuntime/7.29.2"
::1 - - [10/Oct/2022:07:31:37 +0000] "GET /categories HTTP/1.1" 500 64 "-" "PostmanRuntime/7.29.2"
::1 - - [10/Oct/2022:07:31:51 +0000] "GET /categories HTTP/1.1" 404 149 "-" "PostmanRuntime/7.29.2"
::1 - - [10/Oct/2022:07:32:05 +0000] "GET /categories HTTP/1.1" 200 469 "-" "PostmanRuntime/7.29.2"
::1 - - [10/Oct/2022:07:32:37 +0000] "GET /categories HTTP/1.1" 500 469 "-" "PostmanRuntime/7.29.2"
::1 - - [10/Oct/2022:07:33:13 +0000] "POST /categories/ HTTP/1.1" 200 222 "-" "PostmanRuntime/7.29.2"
::1 - - [10/Oct/2022:07:33:18 +0000] "GET /categories HTTP/1.1" 200 621 "-" "PostmanRuntime/7.29.2"
::1 - - [10/Oct/2022:07:34:05 +0000] "GET /categories/6342c25c0efb0c2a64863ee5 HTTP/1.1" 500 159 "-" "PostmanRuntime/7.29.2"
::1 - - [10/Oct/2022:07:37:08 +0000] "DELETE /categories/6343c76c1b07ac061efacd76a HTTP/1.1" 500 144 "-" "PostmanRuntime/7.29.2"
::1 - - [10/Oct/2022:07:37:41 +0000] "DELETE /categories/6342c21bade653e9d9fcbd5e HTTP/1.1" 403 97 "-" "PostmanRuntime/7.29.2"
::1 - - [10/Oct/2022:07:42:53 +0000] "DELETE /categories/6342c21bade653e9d9fcbd5e HTTP/1.1" - - "-" "PostmanRuntime/7.29.2"
::1 - - [10/Oct/2022:07:42:55 +0000] "DELETE /categories/6342c21bade653e9d9fcbd5er HTTP/1.1" 500 144 "-" "PostmanRuntime/7.29.2"
::1 - - [10/Oct/2022:07:44:39 +0000] "DELETE /categories/6342c21bade653e9d9fcbd5er HTTP/1.1" 500 59 "-" "PostmanRuntime/7.29.2"
::1 - - [10/Oct/2022:07:45:18 +0000] "DELETE /categories/6342c21bade653e9d9fcbd5er HTTP/1.1" 400 59 "-" "PostmanRuntime/7.29.2"
::1 - - [10/Oct/2022:07:48:13 +0000] "POST /categories/ HTTP/1.1" 400 127 "-" "PostmanRuntime/7.29.2"
::1 - - [10/Oct/2022:07:48:32 +0000] "POST /categories/ HTTP/1.1" 400 629 "-" "PostmanRuntime/7.29.2"
::1 - - [10/Oct/2022:07:54:32 +0000] "GET /categories HTTP/1.1" 200 621 "-" "PostmanRuntime/7.29.2"
::1 - - [10/Oct/2022:08:15:39 +0000] "GET /categories HTTP/1.1" 200 25 "-" "PostmanRuntime/7.29.2"
::1 - - [10/Oct/2022:08:15:57 +0000] "GET /categories HTTP/1.1" 200 621 "-" "PostmanRuntime/7.29.2"
::1 - - [10/Oct/2022:09:27:53 +0000] "PUT /categories/6342c25c0efb0c2a64863ee5 HTTP/1.1" 200 190 "-" "PostmanRuntime/7.29.2"
::1 - - [10/Oct/2022:09:28:19 +0000] "POST /categories/ HTTP/1.1" 200 257 "-" "PostmanRuntime/7.29.2"
::1 - - [10/Oct/2022:09:35:47 +0000] "POST /categories/ HTTP/1.1" 200 262 "-" "PostmanRuntime/7.29.2"
::1 - - [10/Oct/2022:09:37:15 +0000] "POST /categories/ HTTP/1.1" 200 285 "-" "PostmanRuntime/7.29.2"
::1 - - [10/Oct/2022:09:37:19 +0000] "GET /categories HTTP/1.1" 200 235 "-" "PostmanRuntime/7.29.2"
::1 - - [10/Oct/2022:10:17:17 +0000] "POST /categories/ HTTP/1.1" 200 283 "-" "PostmanRuntime/7.29.2"
::1 - - [10/Oct/2022:10:17:22 +0000] "GET /categories HTTP/1.1" 200 444 "-" "PostmanRuntime/7.29.2"
::1 - - [11/Oct/2022:12:59:20 +0000] "GET /categories HTTP/1.1" 200 668 "-" "Mozilla/5.0 (Windows NT 10.0; Win64; x64) AppleWebKit/537.36 (KHTML, like Gecko) Chrome/105.0.0.0 Safari/537.36"
::ffff:127.0.0.1 - - [11/Oct/2022:13:03:39 +0000] "GET /categories HTTP/1.1" 200 668 "-" "node-fetch/1.0 (+https://github.com/bitinn/node-fetch)"
::ffff:127.0.0.1 - - [11/Oct/2022:13:04:43 +0000] "GET /categories HTTP/1.1" 200 668 "-" "node-fetch/1.0 (+https://github.com/bitinn/node-fetch)"
::1 - - [16/Oct/2022:05:31:02 +0000] "GET /categories?select=name%20slug%20averageRating%20averagePrice%20&sort=averageRating%20averagePrice HTTP/1.1" 200 668 "-" "PostmanRuntime/7.29.2"
::1 - - [16/Oct/2022:05:31:38 +0000] "GET /categories?select=name%20slug%20averageRating%20%20&sort=averageRating%20averagePrice HTTP/1.1" 200 668 "-" "PostmanRuntime/7.29.2"
::1 - - [16/Oct/2022:05:31:50 +0000] "GET /categories?select=name%20slug%20averageRating%20%20&sort=averageRating%20-averagePrice HTTP/1.1" 200 668 "-" "PostmanRuntime/7.29.2"
::1 - - [16/Oct/2022:05:31:58 +0000] "GET /categories HTTP/1.1" 200 668 "-" "PostmanRuntime/7.29.2"
::1 - - [16/Oct/2022:05:32:46 +0000] "GET /categories?select=name%20 HTTP/1.1" 200 668 "-" "PostmanRuntime/7.29.2"
::1 - - [16/Oct/2022:05:33:02 +0000] "GET /categories?select=name%20slug HTTP/1.1" 200 668 "-" "PostmanRuntime/7.29.2"
::1 - - [16/Oct/2022:05:33:55 +0000] "GET /categories?select=name%20slug HTTP/1.1" 200 668 "-" "PostmanRuntime/7.29.2"
::1 - - [16/Oct/2022:05:34:16 +0000] "GET /categories?select=name%20slug HTTP/1.1" 200 668 "-" "PostmanRuntime/7.29.2"
::1 - - [16/Oct/2022:05:34:34 +0000] "GET /categories?select=name%20slug HTTP/1.1" 400 44 "-" "PostmanRuntime/7.29.2"
::1 - - [16/Oct/2022:05:36:39 +0000] "GET /categories?select=name%20slug HTTP/1.1" 200 668 "-" "PostmanRuntime/7.29.2"
::1 - - [16/Oct/2022:05:36:59 +0000] "GET /categories?select=name%20slug HTTP/1.1" 200 668 "-" "PostmanRuntime/7.29.2"
::1 - - [16/Oct/2022:05:37:25 +0000] "GET /categories?select=name%20slug HTTP/1.1" 200 668 "-" "PostmanRuntime/7.29.2"
::1 - - [16/Oct/2022:05:38:08 +0000] "GET /categories?select=name%20slug HTTP/1.1" 200 668 "-" "PostmanRuntime/7.29.2"
::1 - - [16/Oct/2022:05:39:18 +0000] "GET /categories?select=name%20slug HTTP/1.1" 200 251 "-" "PostmanRuntime/7.29.2"
::1 - - [16/Oct/2022:05:40:09 +0000] "GET /categories?select=name%20slug HTTP/1.1" 200 251 "-" "PostmanRuntime/7.29.2"
::1 - - [16/Oct/2022:05:41:32 +0000] "GET /categories?select=name%20slug%20averageRating HTTP/1.1" 200 305 "-" "PostmanRuntime/7.29.2"
::1 - - [16/Oct/2022:05:42:09 +0000] "GET /categories?select=name%20slug%20averageRating&averageRating[$gt]=8 HTTP/1.1" 200 137 "-" "PostmanRuntime/7.29.2"
::1 - - [16/Oct/2022:05:44:39 +0000] "GET /categories?select=name%20slug%20averageRating&averageRating[$gt]=8&sort=name=%D0%A8%D0%98%D0%9D%D0%96%D0%9B%D0%AD%D0%A5%20%D0%A3%D0%A5%D0%90%D0%90%D0%9D HTTP/1.1" 200 137 "-" "PostmanRuntime/7.29.2"
::1 - - [16/Oct/2022:05:44:46 +0000] "GET /categories?select=name%20slug%20averageRating&sort=name=%D0%A8%D0%98%D0%9D%D0%96%D0%9B%D0%AD%D0%A5%20%D0%A3%D0%A5%D0%90%D0%90%D0%9D HTTP/1.1" 200 305 "-" "PostmanRuntime/7.29.2"
::1 - - [16/Oct/2022:05:44:54 +0000] "GET /categories?select=name%20slug%20averageRating&sort=name:%D0%A8%D0%98%D0%9D%D0%96%D0%9B%D0%AD%D0%A5%20%D0%A3%D0%A5%D0%90%D0%90%D0%9D HTTP/1.1" 200 305 "-" "PostmanRuntime/7.29.2"
::1 - - [16/Oct/2022:05:45:02 +0000] "GET /categories?select=name%20slug%20averageRating&sort=name HTTP/1.1" 200 305 "-" "PostmanRuntime/7.29.2"
::1 - - [16/Oct/2022:05:45:09 +0000] "GET /categories?select=name%20slug%20averageRating&sort=-name HTTP/1.1" 200 305 "-" "PostmanRuntime/7.29.2"
::1 - - [16/Oct/2022:05:45:22 +0000] "GET /categories?select=name%20slug%20averageRating&sort=averageRating HTTP/1.1" 200 305 "-" "PostmanRuntime/7.29.2"
::1 - - [16/Oct/2022:05:45:51 +0000] "GET /categories?select=name%20slug%20averageRating&sort=averageRating HTTP/1.1" 400 44 "-" "PostmanRuntime/7.29.2"
::1 - - [16/Oct/2022:05:46:01 +0000] "GET /categories?select=name%20slug%20averageRating&sort=averageRating HTTP/1.1" 200 305 "-" "PostmanRuntime/7.29.2"
