::1 - - [16/Oct/2022:09:57:27 +0000] "GET /categories?select=name%20slug%20averageRating&sort=averageRating HTTP/1.1" 200 305 "-" "PostmanRuntime/7.29.2"
::1 - - [16/Oct/2022:09:59:06 +0000] "GET /categories?select=name&page=2&limit=1 HTTP/1.1" 200 195 "-" "PostmanRuntime/7.29.2"
::1 - - [16/Oct/2022:09:59:59 +0000] "GET /categories?select=name&page=2&limit=1 HTTP/1.1" 400 44 "-" "PostmanRuntime/7.29.2"
::1 - - [16/Oct/2022:10:00:25 +0000] "GET /categories?select=name&page=2&limit=1 HTTP/1.1" 200 195 "-" "PostmanRuntime/7.29.2"
::1 - - [16/Oct/2022:10:00:38 +0000] "GET /categories?select=name&name=%D0%A8%D0%98%D0%9D%D0%96%D0%9B%D0%AD%D0%A5%20%D0%A3%D0%A5%D0%90%D0%90%D0%9D HTTP/1.1" 200 195 "-" "PostmanRuntime/7.29.2"
::1 - - [16/Oct/2022:10:01:00 +0000] "GET /categories?select=name&name=CHINA HTTP/1.1" 200 195 "-" "PostmanRuntime/7.29.2"
::1 - - [16/Oct/2022:10:01:18 +0000] "GET /categories?select=name&name=CHINA HTTP/1.1" 200 74 "-" "PostmanRuntime/7.29.2"
::1 - - [16/Oct/2022:10:01:30 +0000] "GET /categories?select=name%20slug%20averageRating&sort=averageRating HTTP/1.1" 200 305 "-" "PostmanRuntime/7.29.2"
::1 - - [16/Oct/2022:10:01:47 +0000] "GET /categories?select=name%20slug%20averageRating&sort=-averageRating HTTP/1.1" 200 305 "-" "PostmanRuntime/7.29.2"
::1 - - [16/Oct/2022:10:02:18 +0000] "GET /categories?select=name&name=%D0%A8%D0%98%D0%9D%D0%96%D0%9B%D0%AD%D0%A5%20%D0%A3%D0%A5%D0%90%D0%90%D0%9D HTTP/1.1" 200 94 "-" "PostmanRuntime/7.29.2"
::1 - - [16/Oct/2022:10:04:18 +0000] "GET /categories?select=name%20slug%20averageRating%20averagePrice%20&sort=averageRating%20averagePrice HTTP/1.1" 200 368 "-" "PostmanRuntime/7.29.2"
::1 - - [16/Oct/2022:10:04:57 +0000] "GET /categories?select=name&name=%D0%A8%D0%98%D0%9D%D0%96%D0%9B%D0%AD%D0%A5%20%D0%A3%D0%A5%D0%90%D0%90%D0%9D&page=2&limit=1 HTTP/1.1" 200 94 "-" "PostmanRuntime/7.29.2"
::1 - - [16/Oct/2022:10:05:17 +0000] "GET /categories?select=name&name=%D0%A8%D0%98%D0%9D%D0%96%D0%9B%D0%AD%D0%A5%20%D0%A3%D0%A5%D0%90%D0%90%D0%9D&page=2&limit=1 HTTP/1.1" 200 94 "-" "PostmanRuntime/7.29.2"
::1 - - [16/Oct/2022:10:05:36 +0000] "GET /categories?select=name&name=%D0%A8%D0%98%D0%9D%D0%96%D0%9B%D0%AD%D0%A5%20%D0%A3%D0%A5%D0%90%D0%90%D0%9D&page=2&limit=1 HTTP/1.1" 200 94 "-" "PostmanRuntime/7.29.2"
::1 - - [16/Oct/2022:10:07:44 +0000] "GET /categories?select=name&name=%D0%A8%D0%98%D0%9D%D0%96%D0%9B%D0%AD%D0%A5%20%D0%A3%D0%A5%D0%90%D0%90%D0%9D&page=2&limit=1 HTTP/1.1" 200 94 "-" "PostmanRuntime/7.29.2"
::1 - - [16/Oct/2022:10:08:20 +0000] "GET /categories?select=name&name=%D0%A8%D0%98%D0%9D%D0%96%D0%9B%D0%AD%D0%A5%20%D0%A3%D0%A5%D0%90%D0%90%D0%9D&page=2&limit=2 HTTP/1.1" 200 94 "-" "PostmanRuntime/7.29.2"
::1 - - [16/Oct/2022:10:08:29 +0000] "GET /categories?select=name&page=2&limit=2 HTTP/1.1" 200 144 "-" "PostmanRuntime/7.29.2"
::1 - - [16/Oct/2022:10:09:21 +0000] "GET /categories?select=name HTTP/1.1" 200 94 "-" "PostmanRuntime/7.29.2"
::1 - - [16/Oct/2022:10:09:33 +0000] "GET /categories HTTP/1.1" 200 258 "-" "PostmanRuntime/7.29.2"
::1 - - [16/Oct/2022:10:09:45 +0000] "GET /categories HTTP/1.1" 200 462 "-" "PostmanRuntime/7.29.2"
::1 - - [16/Oct/2022:10:10:07 +0000] "GET /categories HTTP/1.1" 200 668 "-" "PostmanRuntime/7.29.2"
::1 - - [16/Oct/2022:10:11:36 +0000] "GET /categories HTTP/1.1" 200 668 "-" "PostmanRuntime/7.29.2"
::1 - - [16/Oct/2022:10:21:12 +0000] "GET /categories HTTP/1.1" 200 711 "-" "PostmanRuntime/7.29.2"
::1 - - [16/Oct/2022:10:21:52 +0000] "GET /categories HTTP/1.1" 200 711 "-" "PostmanRuntime/7.29.2"
::1 - - [16/Oct/2022:10:22:29 +0000] "GET /categories?select=name&page=2 HTTP/1.1" 200 87 "-" "PostmanRuntime/7.29.2"
::1 - - [16/Oct/2022:10:22:40 +0000] "GET /categories?select=name&page=1 HTTP/1.1" 200 238 "-" "PostmanRuntime/7.29.2"
::1 - - [16/Oct/2022:10:23:02 +0000] "GET /categories?select=name&page=2&limit=1 HTTP/1.1" 200 147 "-" "PostmanRuntime/7.29.2"
::1 - - [16/Oct/2022:10:23:08 +0000] "GET /categories?select=name&page=1&limit=1 HTTP/1.1" 200 150 "-" "PostmanRuntime/7.29.2"
::1 - - [16/Oct/2022:10:24:31 +0000] "GET /categories?select=name&page=1&limit=1 HTTP/1.1" 200 164 "-" "PostmanRuntime/7.29.2"
::1 - - [16/Oct/2022:10:24:59 +0000] "GET /categories?select=name&page=1&limit=1 HTTP/1.1" 200 164 "-" "PostmanRuntime/7.29.2"
::1 - - [16/Oct/2022:10:25:44 +0000] "GET /categories?select=name&page=1&limit=1 HTTP/1.1" 200 164 "-" "PostmanRuntime/7.29.2"
::1 - - [16/Oct/2022:10:25:48 +0000] "GET /categories?select=name&page=2&limit=1 HTTP/1.1" 200 157 "-" "PostmanRuntime/7.29.2"
::1 - - [16/Oct/2022:10:26:24 +0000] "GET /categories?select=name&page=2&limit=3 HTTP/1.1" 200 95 "-" "PostmanRuntime/7.29.2"
::1 - - [16/Oct/2022:10:26:30 +0000] "GET /categories?select=name&page=3&limit=3 HTTP/1.1" 200 95 "-" "PostmanRuntime/7.29.2"
::1 - - [16/Oct/2022:10:26:38 +0000] "GET /categories?select=name&page=2&limit=3 HTTP/1.1" 200 95 "-" "PostmanRuntime/7.29.2"
::1 - - [16/Oct/2022:10:26:42 +0000] "GET /categories?select=name&page=2&limit=2 HTTP/1.1" 200 145 "-" "PostmanRuntime/7.29.2"
::1 - - [16/Oct/2022:10:26:54 +0000] "GET /categories?select=name&page=1&limit=3 HTTP/1.1" 200 252 "-" "PostmanRuntime/7.29.2"
::1 - - [16/Oct/2022:10:28:58 +0000] "GET /categories?select=name&page=1&limit=3 HTTP/1.1" 200 252 "-" "PostmanRuntime/7.29.2"
::1 - - [17/Oct/2022:10:06:47 +0000] "POST /categories/ HTTP/1.1" 200 269 "-" "PostmanRuntime/7.29.2"
::1 - - [17/Oct/2022:10:06:57 +0000] "GET /categories HTTP/1.1" 200 920 "-" "PostmanRuntime/7.29.2"
::1 - - [17/Oct/2022:10:07:38 +0000] "GET /categories HTTP/1.1" 200 920 "-" "PostmanRuntime/7.29.2"
::1 - - [17/Oct/2022:10:36:56 +0000] "GET /categories HTTP/1.1" 200 920 "-" "PostmanRuntime/7.29.2"
::1 - - [17/Oct/2022:10:49:29 +0000] "GET /books/ HTTP/1.1" 200 29126 "-" "PostmanRuntime/7.29.2"
::1 - - [17/Oct/2022:10:50:27 +0000] "GET /books/ HTTP/1.1" 200 29126 "-" "PostmanRuntime/7.29.2"
::1 - - [17/Oct/2022:10:50:57 +0000] "GET /books/ HTTP/1.1" 200 29137 "-" "PostmanRuntime/7.29.2"
::1 - - [17/Oct/2022:10:51:51 +0000] "GET /books/ HTTP/1.1" 200 29137 "-" "PostmanRuntime/7.29.2"
::1 - - [17/Oct/2022:10:52:12 +0000] "GET /categories/634d2f298c8e03b1682c2cc1 HTTP/1.1" 400 44 "-" "PostmanRuntime/7.29.2"
::1 - - [17/Oct/2022:10:52:18 +0000] "GET /categories/ HTTP/1.1" 200 920 "-" "PostmanRuntime/7.29.2"
::1 - - [17/Oct/2022:10:52:57 +0000] "GET /categories/6342c44e0e17f89c6721b0f9 HTTP/1.1" 400 231 "-" "PostmanRuntime/7.29.2"
::1 - - [17/Oct/2022:10:53:25 +0000] "GET /categories/6342c44e0e17f89c6721b0f9 HTTP/1.1" 400 231 "-" "PostmanRuntime/7.29.2"
::1 - - [17/Oct/2022:10:57:49 +0000] "GET /categories/6342c44e0e17f89c6721b0f9 HTTP/1.1" 400 231 "-" "PostmanRuntime/7.29.2"
::1 - - [17/Oct/2022:10:58:37 +0000] "GET /books/ HTTP/1.1" 200 29137 "-" "PostmanRuntime/7.29.2"
::1 - - [17/Oct/2022:10:58:52 +0000] "GET /books/ HTTP/1.1" 200 29137 "-" "PostmanRuntime/7.29.2"
::1 - - [17/Oct/2022:10:59:03 +0000] "GET /634d2f298c8e03b1682c2cc1/books/ HTTP/1.1" 404 170 "-" "PostmanRuntime/7.29.2"
::1 - - [17/Oct/2022:10:59:15 +0000] "GET /categories/634d2f298c8e03b1682c2cc1/books/ HTTP/1.1" 200 29137 "-" "PostmanRuntime/7.29.2"
::1 - - [17/Oct/2022:10:59:53 +0000] "GET /categories/634d2f298c8e03b1682c2cc1/books/ HTTP/1.1" 200 35 "-" "PostmanRuntime/7.29.2"
::1 - - [17/Oct/2022:11:00:16 +0000] "GET /categories/634d2f298c8e03b1682c2cc1/books/ HTTP/1.1" 200 35 "-" "PostmanRuntime/7.29.2"
::1 - - [17/Oct/2022:11:00:38 +0000] "GET /categories/634d2f298c8e03b1682c2cc1/books/ HTTP/1.1" 200 35 "-" "PostmanRuntime/7.29.2"
::1 - - [17/Oct/2022:11:01:03 +0000] "GET /categories/634d2f298c8e03b1682c2cc1/books/ HTTP/1.1" 200 35 "-" "PostmanRuntime/7.29.2"
::1 - - [17/Oct/2022:11:01:19 +0000] "GET /categories/63452577bc5d22213cb1e8ad/books/ HTTP/1.1" 200 14115 "-" "PostmanRuntime/7.29.2"
::1 - - [17/Oct/2022:11:02:26 +0000] "GET /categories/5e90434cd433fa11b078ed8a/books/ HTTP/1.1" 200 7916 "-" "PostmanRuntime/7.29.2"
::1 - - [17/Oct/2022:11:05:40 +0000] "GET /categories/5e90434cd433fa11b078ed8a/books/ HTTP/1.1" 404 181 "-" "PostmanRuntime/7.29.2"
::1 - - [17/Oct/2022:11:06:16 +0000] "GET /categories/5e90434cd433fa11b078ed8a/books/ HTTP/1.1" 404 181 "-" "PostmanRuntime/7.29.2"
::1 - - [17/Oct/2022:11:06:47 +0000] "GET /categories/5e90434cd433fa11b078ed8a/books/ HTTP/1.1" 404 181 "-" "PostmanRuntime/7.29.2"
::1 - - [17/Oct/2022:11:08:15 +0000] "GET /categories/5e90434cd433fa11b078ed8a/books/ HTTP/1.1" 404 181 "-" "PostmanRuntime/7.29.2"
::1 - - [17/Oct/2022:11:09:11 +0000] "GET /categories/5e90434cd433fa11b078ed8a/books/ HTTP/1.1" 404 181 "-" "PostmanRuntime/7.29.2"
::1 - - [17/Oct/2022:11:09:57 +0000] "GET /categories/5e90434cd433fa11b078ed8a/books/ HTTP/1.1" 404 181 "-" "PostmanRuntime/7.29.2"
::1 - - [17/Oct/2022:11:10:18 +0000] "GET /categories/5e90434cd433fa11b078ed8a/books/ HTTP/1.1" 200 7916 "-" "PostmanRuntime/7.29.2"
::1 - - [17/Oct/2022:11:10:44 +0000] "GET /categories/5e90434cd433fa11b078ed8a/books/ HTTP/1.1" 404 181 "-" "PostmanRuntime/7.29.2"
::1 - - [17/Oct/2022:11:11:11 +0000] "GET /categories/5e90434cd433fa11b078ed8a/books/ HTTP/1.1" 200 7916 "-" "PostmanRuntime/7.29.2"
::1 - - [17/Oct/2022:11:27:12 +0000] "GET /categories/ HTTP/1.1" 200 920 "-" "PostmanRuntime/7.29.2"
::1 - - [17/Oct/2022:11:27:19 +0000] "GET /categories/5e90434cd433fa11b078ed8a/books/ HTTP/1.1" 200 7916 "-" "PostmanRuntime/7.29.2"
::1 - - [17/Oct/2022:11:27:41 +0000] "GET /categories/books/ HTTP/1.1" 400 196 "-" "PostmanRuntime/7.29.2"
::1 - - [17/Oct/2022:11:27:47 +0000] "GET /categories/books HTTP/1.1" 400 196 "-" "PostmanRuntime/7.29.2"
::1 - - [17/Oct/2022:11:28:13 +0000] "GET /books HTTP/1.1" 200 28741 "-" "PostmanRuntime/7.29.2"
::1 - - [17/Oct/2022:11:28:54 +0000] "GET /books HTTP/1.1" 200 28741 "-" "PostmanRuntime/7.29.2"
::1 - - [17/Oct/2022:11:29:15 +0000] "GET /books HTTP/1.1" 200 28741 "-" "PostmanRuntime/7.29.2"
::1 - - [17/Oct/2022:11:30:36 +0000] "GET /books HTTP/1.1" 200 28741 "-" "PostmanRuntime/7.29.2"
::1 - - [17/Oct/2022:11:31:06 +0000] "GET /books HTTP/1.1" 200 28741 "-" "PostmanRuntime/7.29.2"
::1 - - [17/Oct/2022:11:31:59 +0000] "GET /books HTTP/1.1" 200 28741 "-" "PostmanRuntime/7.29.2"
::1 - - [17/Oct/2022:11:32:48 +0000] "GET /books HTTP/1.1" 200 28741 "-" "PostmanRuntime/7.29.2"
::1 - - [17/Oct/2022:11:35:25 +0000] "GET /categories/ HTTP/1.1" 200 1122 "-" "PostmanRuntime/7.29.2"
::1 - - [17/Oct/2022:11:35:32 +0000] "GET /books HTTP/1.1" 200 31306 "-" "PostmanRuntime/7.29.2"
::1 - - [17/Oct/2022:11:36:56 +0000] "GET /books HTTP/1.1" 200 29137 "-" "PostmanRuntime/7.29.2"
::1 - - [17/Oct/2022:11:37:07 +0000] "GET /63452577bc5d22213cb1e8ad/books HTTP/1.1" 404 169 "-" "PostmanRuntime/7.29.2"
::1 - - [17/Oct/2022:11:37:55 +0000] "GET /63452577bc5d22213cb1e8ad/books HTTP/1.1" 404 169 "-" "PostmanRuntime/7.29.2"
::1 - - [17/Oct/2022:11:38:09 +0000] "GET /books/63452577bc5d22213cb1e8ad/books HTTP/1.1" 404 175 "-" "PostmanRuntime/7.29.2"
::1 - - [17/Oct/2022:11:38:17 +0000] "GET /categories/63452577bc5d22213cb1e8ad/books HTTP/1.1" 200 14115 "-" "PostmanRuntime/7.29.2"
::1 - - [17/Oct/2022:11:38:58 +0000] "GET /categories/63452577bc5d22213cb1e8ad/books HTTP/1.1" 200 14115 "-" "PostmanRuntime/7.29.2"
::1 - - [17/Oct/2022:11:39:39 +0000] "GET /books HTTP/1.1" 200 29137 "-" "PostmanRuntime/7.29.2"
::1 - - [17/Oct/2022:11:40:41 +0000] "GET /books HTTP/1.1" 200 29137 "-" "PostmanRuntime/7.29.2"
::1 - - [17/Oct/2022:11:42:17 +0000] "GET /books HTTP/1.1" 200 29137 "-" "PostmanRuntime/7.29.2"
::1 - - [17/Oct/2022:11:42:54 +0000] "GET /books HTTP/1.1" 200 29137 "-" "PostmanRuntime/7.29.2"
::1 - - [17/Oct/2022:11:44:15 +0000] "GET /books HTTP/1.1" 200 31306 "-" "PostmanRuntime/7.29.2"
::1 - - [17/Oct/2022:11:45:40 +0000] "GET /books HTTP/1.1" 200 31306 "-" "PostmanRuntime/7.29.2"
::1 - - [17/Oct/2022:11:46:38 +0000] "GET /books HTTP/1.1" 200 31306 "-" "PostmanRuntime/7.29.2"
::1 - - [17/Oct/2022:11:47:13 +0000] "GET /books HTTP/1.1" 200 31306 "-" "PostmanRuntime/7.29.2"
::1 - - [17/Oct/2022:11:48:32 +0000] "GET /books HTTP/1.1" 200 31306 "-" "PostmanRuntime/7.29.2"
::1 - - [17/Oct/2022:11:49:16 +0000] "GET /books HTTP/1.1" 200 31306 "-" "PostmanRuntime/7.29.2"
::1 - - [17/Oct/2022:11:49:51 +0000] "GET /books HTTP/1.1" 200 31306 "-" "PostmanRuntime/7.29.2"
::1 - - [17/Oct/2022:11:51:25 +0000] "GET /books HTTP/1.1" 200 31306 "-" "PostmanRuntime/7.29.2"
::1 - - [17/Oct/2022:11:51:38 +0000] "GET /books HTTP/1.1" 200 29137 "-" "PostmanRuntime/7.29.2"
